=== Poll 1 ===
{
  "id": "alert_1772160629342",
  "status": "blocked",
  "findings": [
    "CPU stayed above 80% for 3 consecutive polls"
  ]
}
=== Poll 2 ===
{
  "id": "alert_1772160629342",
  "status": "blocked",
  "findings": [
    "CPU stayed above 80% for 3 consecutive polls"
  ]
}
=== Poll 3 ===
{
  "id": "alert_1772160629342",
  "status": "blocked",
  "findings": [
    "CPU stayed above 80% for 3 consecutive polls"
  ]
}
=== Poll 4 ===
{
  "id": "alert_1772160629342",
  "status": "blocked",
  "findings": [
    "CPU stayed above 80% for 3 consecutive polls"
  ]
}
=== Poll 5 ===
{
  "id": "alert_1772160629342",
  "status": "blocked",
  "findings": [
    "CPU stayed above 80% for 3 consecutive polls"
  ]
}
=== Poll 6 ===
{
  "id": "alert_1772160629342",
  "status": "blocked",
  "findings": [
    "CPU stayed above 80% for 3 consecutive polls"
  ]
}
=== Poll 7 ===
{
  "id": "alert_1772160629342",
  "status": "blocked",
  "findings": [
    "CPU stayed above 80% for 3 consecutive polls"
  ]
}
=== Poll 8 ===
{
  "id": "alert_1772160629342",
  "status": "blocked",
  "findings": [
    "CPU stayed above 80% for 3 consecutive polls"
  ]
}
=== Poll 9 ===
{
  "id": "alert_1772160629342",
  "status": "blocked",
  "findings": [
    "CPU stayed above 80% for 3 consecutive polls"
  ]
}
=== Poll 10 ===
{
  "id": "alert_1772160629342",
  "status": "blocked",
  "findings": [
    "CPU stayed above 80% for 3 consecutive polls"
  ]
}
=== Poll 11 ===
{
  "id": "alert_1772160629342",
  "status": "blocked",
  "findings": [
    "CPU stayed above 80% for 3 consecutive polls"
  ]
}
=== Poll 12 ===
{
  "id": "alert_1772160629342",
  "status": "blocked",
  "findings": [
    "CPU stayed above 80% for 3 consecutive polls"
  ]
}
=== Poll 13 ===
{
  "id": "alert_1772160629342",
  "status": "blocked",
  "findings": [
    "CPU stayed above 80% for 3 consecutive polls"
  ]
}
=== Poll 14 ===
{
  "id": "alert_1772160629342",
  "status": "blocked",
  "findings": [
    "CPU stayed above 80% for 3 consecutive polls"
  ]
}
=== Poll 15 ===
{
  "id": "alert_1772160629342",
  "status": "blocked",
  "findings": [
    "CPU stayed above 80% for 3 consecutive polls"
  ]
}
